...found 8 targets...
...updating 7 targets...
common.mkdir bin.v2
common.mkdir bin.v2/libs
common.mkdir bin.v2/libs/context
common.mkdir bin.v2/libs/context/config
common.mkdir bin.v2/libs/context/config/gcc-arm
common.mkdir bin.v2/libs/context/config/gcc-arm/debug
gcc.compile.c++ bin.v2/libs/context/config/gcc-arm/debug/32.o
...updated 7 targets...
...found 2 targets...
...updating 1 target...
gcc.compile.c++ bin.v2/libs/context/config/gcc-arm/debug/arm.o
...updated 1 target...
...found 10 targets...
...updating 8 targets...
common.mkdir bin.v2/standalone
common.mkdir bin.v2/standalone/ac
common.mkdir bin.v2/standalone/ac/gcc-arm
common.mkdir bin.v2/standalone/ac/gcc-arm/release
common.mkdir bin.v2/standalone/ac/gcc-arm/release/link-static
common.mkdir bin.v2/standalone/ac/gcc-arm/release/link-static/threading-multi
gcc.compile.c++ bin.v2/standalone/ac/gcc-arm/release/link-static/threading-multi/zlib.h.o
bin.v2/standalone/ac/zlib.h.cpp:1:18: fatal error: zlib.h: Nincs ilyen fájl vagy könyvtár
compilation terminated.

    "arm-linux-gnueabihf-g++"  -ftemplate-depth-128 -O3 -finline-functions -Wno-inline -Wall -pthread  -DNDEBUG   -c -o "bin.v2/standalone/ac/gcc-arm/release/link-static/threading-multi/zlib.h.o" "bin.v2/standalone/ac/zlib.h.cpp"

...failed gcc.compile.c++ bin.v2/standalone/ac/gcc-arm/release/link-static/threading-multi/zlib.h.o...
...failed updating 1 target...
...updated 7 targets...
...found 5 targets...
...updating 3 targets...
gcc.compile.c++ bin.v2/standalone/ac/gcc-arm/release/link-static/threading-multi/main.o
gcc.link bin.v2/standalone/ac/gcc-arm/release/link-static/threading-multi/z
/home/peter/RaspberryPi/Tools/arm-bcm2708/gcc-linaro-arm-linux-gnueabihf-raspbian/bin/../lib/gcc/arm-linux-gnueabihf/4.7.2/../../../../arm-linux-gnueabihf/bin/ld: cannot find -lz
collect2: error: ld returned 1 exit status

    "arm-linux-gnueabihf-g++"    -o "bin.v2/standalone/ac/gcc-arm/release/link-static/threading-multi/z" -Wl,--start-group "bin.v2/standalone/ac/gcc-arm/release/link-static/threading-multi/main.o"  -Wl,-Bstatic -lz -Wl,-Bdynamic -lrt -Wl,--end-group -pthread 

...failed gcc.link bin.v2/standalone/ac/gcc-arm/release/link-static/threading-multi/z...
...failed updating 1 target...
...updated 2 targets...
...found 1 target...
...updating 1 target...
gcc.link bin.v2/standalone/ac/gcc-arm/release/link-static/threading-multi/zlib
/home/peter/RaspberryPi/Tools/arm-bcm2708/gcc-linaro-arm-linux-gnueabihf-raspbian/bin/../lib/gcc/arm-linux-gnueabihf/4.7.2/../../../../arm-linux-gnueabihf/bin/ld: cannot find -lzlib
collect2: error: ld returned 1 exit status

    "arm-linux-gnueabihf-g++"    -o "bin.v2/standalone/ac/gcc-arm/release/link-static/threading-multi/zlib" -Wl,--start-group "bin.v2/standalone/ac/gcc-arm/release/link-static/threading-multi/main.o"  -Wl,-Bstatic -lzlib -Wl,-Bdynamic -lrt -Wl,--end-group -pthread 

...failed gcc.link bin.v2/standalone/ac/gcc-arm/release/link-static/threading-multi/zlib...
...failed updating 1 target...
...found 1 target...
...updating 1 target...
gcc.link bin.v2/standalone/ac/gcc-arm/release/link-static/threading-multi/zll
/home/peter/RaspberryPi/Tools/arm-bcm2708/gcc-linaro-arm-linux-gnueabihf-raspbian/bin/../lib/gcc/arm-linux-gnueabihf/4.7.2/../../../../arm-linux-gnueabihf/bin/ld: cannot find -lzll
collect2: error: ld returned 1 exit status

    "arm-linux-gnueabihf-g++"    -o "bin.v2/standalone/ac/gcc-arm/release/link-static/threading-multi/zll" -Wl,--start-group "bin.v2/standalone/ac/gcc-arm/release/link-static/threading-multi/main.o"  -Wl,-Bstatic -lzll -Wl,-Bdynamic -lrt -Wl,--end-group -pthread 

...failed gcc.link bin.v2/standalone/ac/gcc-arm/release/link-static/threading-multi/zll...
...failed updating 1 target...
...found 1 target...
...updating 1 target...
gcc.link bin.v2/standalone/ac/gcc-arm/release/link-static/threading-multi/zdll
/home/peter/RaspberryPi/Tools/arm-bcm2708/gcc-linaro-arm-linux-gnueabihf-raspbian/bin/../lib/gcc/arm-linux-gnueabihf/4.7.2/../../../../arm-linux-gnueabihf/bin/ld: cannot find -lzdll
collect2: error: ld returned 1 exit status

    "arm-linux-gnueabihf-g++"    -o "bin.v2/standalone/ac/gcc-arm/release/link-static/threading-multi/zdll" -Wl,--start-group "bin.v2/standalone/ac/gcc-arm/release/link-static/threading-multi/main.o"  -Wl,-Bstatic -lzdll -Wl,-Bdynamic -lrt -Wl,--end-group -pthread 

...failed gcc.link bin.v2/standalone/ac/gcc-arm/release/link-static/threading-multi/zdll...
...failed updating 1 target...
...found 3 targets...
...updating 3 targets...
common.mkdir bin.v2/standalone/ac/gcc-arm/release/threading-multi
gcc.compile.c++ bin.v2/standalone/ac/gcc-arm/release/threading-multi/main.o
gcc.link bin.v2/standalone/ac/gcc-arm/release/threading-multi/z
/home/peter/RaspberryPi/Tools/arm-bcm2708/gcc-linaro-arm-linux-gnueabihf-raspbian/bin/../lib/gcc/arm-linux-gnueabihf/4.7.2/../../../../arm-linux-gnueabihf/bin/ld: cannot find -lz
collect2: error: ld returned 1 exit status

    "arm-linux-gnueabihf-g++"    -o "bin.v2/standalone/ac/gcc-arm/release/threading-multi/z" -Wl,--start-group "bin.v2/standalone/ac/gcc-arm/release/threading-multi/main.o"  -Wl,-Bstatic  -Wl,-Bdynamic -lz -lrt -Wl,--end-group -pthread 

...failed gcc.link bin.v2/standalone/ac/gcc-arm/release/threading-multi/z...
...failed updating 1 target...
...updated 2 targets...
...found 1 target...
...updating 1 target...
gcc.link bin.v2/standalone/ac/gcc-arm/release/threading-multi/zlib
/home/peter/RaspberryPi/Tools/arm-bcm2708/gcc-linaro-arm-linux-gnueabihf-raspbian/bin/../lib/gcc/arm-linux-gnueabihf/4.7.2/../../../../arm-linux-gnueabihf/bin/ld: cannot find -lzlib
collect2: error: ld returned 1 exit status

    "arm-linux-gnueabihf-g++"    -o "bin.v2/standalone/ac/gcc-arm/release/threading-multi/zlib" -Wl,--start-group "bin.v2/standalone/ac/gcc-arm/release/threading-multi/main.o"  -Wl,-Bstatic  -Wl,-Bdynamic -lzlib -lrt -Wl,--end-group -pthread 

...failed gcc.link bin.v2/standalone/ac/gcc-arm/release/threading-multi/zlib...
...failed updating 1 target...
...found 1 target...
...updating 1 target...
gcc.link bin.v2/standalone/ac/gcc-arm/release/threading-multi/zll
/home/peter/RaspberryPi/Tools/arm-bcm2708/gcc-linaro-arm-linux-gnueabihf-raspbian/bin/../lib/gcc/arm-linux-gnueabihf/4.7.2/../../../../arm-linux-gnueabihf/bin/ld: cannot find -lzll
collect2: error: ld returned 1 exit status

    "arm-linux-gnueabihf-g++"    -o "bin.v2/standalone/ac/gcc-arm/release/threading-multi/zll" -Wl,--start-group "bin.v2/standalone/ac/gcc-arm/release/threading-multi/main.o"  -Wl,-Bstatic  -Wl,-Bdynamic -lzll -lrt -Wl,--end-group -pthread 

...failed gcc.link bin.v2/standalone/ac/gcc-arm/release/threading-multi/zll...
...failed updating 1 target...
...found 1 target...
...updating 1 target...
gcc.link bin.v2/standalone/ac/gcc-arm/release/threading-multi/zdll
/home/peter/RaspberryPi/Tools/arm-bcm2708/gcc-linaro-arm-linux-gnueabihf-raspbian/bin/../lib/gcc/arm-linux-gnueabihf/4.7.2/../../../../arm-linux-gnueabihf/bin/ld: cannot find -lzdll
collect2: error: ld returned 1 exit status

    "arm-linux-gnueabihf-g++"    -o "bin.v2/standalone/ac/gcc-arm/release/threading-multi/zdll" -Wl,--start-group "bin.v2/standalone/ac/gcc-arm/release/threading-multi/main.o"  -Wl,-Bstatic  -Wl,-Bdynamic -lzdll -lrt -Wl,--end-group -pthread 

...failed gcc.link bin.v2/standalone/ac/gcc-arm/release/threading-multi/zdll...
...failed updating 1 target...
...found 8 targets...
...updating 6 targets...
common.mkdir bin.v2/libs/locale
common.mkdir bin.v2/libs/locale/build
common.mkdir bin.v2/libs/locale/build/gcc-arm
common.mkdir bin.v2/libs/locale/build/gcc-arm/debug
gcc.compile.c++ bin.v2/libs/locale/build/gcc-arm/debug/has_iconv_libc_obj.o
gcc.link bin.v2/libs/locale/build/gcc-arm/debug/has_iconv
...updated 6 targets...
...found 8 targets...
...updating 2 targets...
gcc.compile.c++ bin.v2/libs/locale/build/gcc-arm/debug/has_icu_obj.o
libs/locale/src/../build/has_icu_test.cpp:12:30: fatal error: unicode/uversion.h: Nincs ilyen fájl vagy könyvtár
compilation terminated.

    "arm-linux-gnueabihf-g++"  -ftemplate-depth-128 -O0 -fno-inline -Wall -g -fPIC  -DBOOST_ALL_NO_LIB=1  -I"." -c -o "bin.v2/libs/locale/build/gcc-arm/debug/has_icu_obj.o" "libs/locale/src/../build/has_icu_test.cpp"

...failed gcc.compile.c++ bin.v2/libs/locale/build/gcc-arm/debug/has_icu_obj.o...
...skipped <pbin.v2/libs/locale/build/gcc-arm/debug>has_icu for lack of <pbin.v2/libs/locale/build/gcc-arm/debug>has_icu_obj.o...
...failed updating 1 target...
...skipped 1 target...
...found 2 targets...
...updating 2 targets...
gcc.compile.c++ bin.v2/libs/locale/build/gcc-arm/debug/has_icu64_obj.o
libs/locale/src/../build/has_icu_test.cpp:12:30: fatal error: unicode/uversion.h: Nincs ilyen fájl vagy könyvtár
compilation terminated.

    "arm-linux-gnueabihf-g++"  -ftemplate-depth-128 -O0 -fno-inline -Wall -g -fPIC  -DBOOST_ALL_NO_LIB=1  -I"." -c -o "bin.v2/libs/locale/build/gcc-arm/debug/has_icu64_obj.o" "libs/locale/src/../build/has_icu_test.cpp"

...failed gcc.compile.c++ bin.v2/libs/locale/build/gcc-arm/debug/has_icu64_obj.o...
...skipped <pbin.v2/libs/locale/build/gcc-arm/debug>has_icu64 for lack of <pbin.v2/libs/locale/build/gcc-arm/debug>has_icu64_obj.o...
...failed updating 1 target...
...skipped 1 target...
...found 7 targets...
...updating 6 targets...
common.mkdir bin.v2/libs/regex
common.mkdir bin.v2/libs/regex/build
common.mkdir bin.v2/libs/regex/build/gcc-arm
common.mkdir bin.v2/libs/regex/build/gcc-arm/debug
gcc.compile.c++ bin.v2/libs/regex/build/gcc-arm/debug/has_icu_test.o
libs/regex/build/has_icu_test.cpp:12:30: fatal error: unicode/uversion.h: Nincs ilyen fájl vagy könyvtár
compilation terminated.

    "arm-linux-gnueabihf-g++"  -ftemplate-depth-128 -O0 -fno-inline -Wall -pedantic -g -fPIC  -DBOOST_ALL_NO_LIB=1 -DBOOST_HAS_ICU=1  -I"." -c -o "bin.v2/libs/regex/build/gcc-arm/debug/has_icu_test.o" "libs/regex/build/has_icu_test.cpp"

...failed gcc.compile.c++ bin.v2/libs/regex/build/gcc-arm/debug/has_icu_test.o...
...skipped <pbin.v2/libs/regex/build/gcc-arm/debug>has_icu for lack of <pbin.v2/libs/regex/build/gcc-arm/debug>has_icu_test.o...
...failed updating 1 target...
...skipped 1 target...
...updated 4 targets...
...found 1 target...
...updating 1 target...
config-cache.write bin.v2/project-cache.jam
...updated 1 target...
